Performing C SOURCE FILE Test CMAKE_HAVE_LIBC_PTHREAD failed with the following output:
Change Dir: /home/ec2-user/dbms/Q7/cpp/ExampleProject/build/CMakeFiles/CMakeTmp

Run Build Command(s):/usr/bin/gmake cmTC_d24f6/fast && /usr/bin/gmake  -f CMakeFiles/cmTC_d24f6.dir/build.make CMakeFiles/cmTC_d24f6.dir/build
gmake[1]: Entering directory `/home/ec2-user/dbms/Q7/cpp/ExampleProject/build/CMakeFiles/CMakeTmp'
Building C object CMakeFiles/cmTC_d24f6.dir/src.c.o
/usr/bin/cc   -DCMAKE_HAVE_LIBC_PTHREAD -o CMakeFiles/cmTC_d24f6.dir/src.c.o -c /home/ec2-user/dbms/Q7/cpp/ExampleProject/build/CMakeFiles/CMakeTmp/src.c
Linking C executable cmTC_d24f6
/usr/local/bin/cmake -E cmake_link_script CMakeFiles/cmTC_d24f6.dir/link.txt --verbose=1
/usr/bin/cc  -DCMAKE_HAVE_LIBC_PTHREAD CMakeFiles/cmTC_d24f6.dir/src.c.o -o cmTC_d24f6 
CMakeFiles/cmTC_d24f6.dir/src.c.o: In function `main':
src.c:(.text+0x2d): undefined reference to `pthread_create'
src.c:(.text+0x39): undefined reference to `pthread_detach'
src.c:(.text+0x45): undefined reference to `pthread_cancel'
src.c:(.text+0x56): undefined reference to `pthread_join'
collect2: error: ld returned 1 exit status
gmake[1]: *** [cmTC_d24f6] Error 1
gmake[1]: Leaving directory `/home/ec2-user/dbms/Q7/cpp/ExampleProject/build/CMakeFiles/CMakeTmp'
gmake: *** [cmTC_d24f6/fast] Error 2


Source file was:
#include <pthread.h>

void* test_func(void* data)
{
  return data;
}

int main(void)
{
  pthread_t thread;
  pthread_create(&thread, NULL, test_func, NULL);
  pthread_detach(thread);
  pthread_cancel(thread);
  pthread_join(thread, NULL);
  pthread_atfork(NULL, NULL, NULL);
  pthread_exit(NULL);

  return 0;
}

Determining if the function pthread_create exists in the pthreads failed with the following output:
Change Dir: /home/ec2-user/dbms/Q7/cpp/ExampleProject/build/CMakeFiles/CMakeTmp

Run Build Command(s):/usr/bin/gmake cmTC_8db1d/fast && /usr/bin/gmake  -f CMakeFiles/cmTC_8db1d.dir/build.make CMakeFiles/cmTC_8db1d.dir/build
gmake[1]: Entering directory `/home/ec2-user/dbms/Q7/cpp/ExampleProject/build/CMakeFiles/CMakeTmp'
Building C object CMakeFiles/cmTC_8db1d.dir/CheckFunctionExists.c.o
/usr/bin/cc   -DCHECK_FUNCTION_EXISTS=pthread_create -o CMakeFiles/cmTC_8db1d.dir/CheckFunctionExists.c.o -c /usr/local/share/cmake-3.18/Modules/CheckFunctionExists.c
Linking C executable cmTC_8db1d
/usr/local/bin/cmake -E cmake_link_script CMakeFiles/cmTC_8db1d.dir/link.txt --verbose=1
/usr/bin/cc  -DCHECK_FUNCTION_EXISTS=pthread_create CMakeFiles/cmTC_8db1d.dir/CheckFunctionExists.c.o -o cmTC_8db1d  -lpthreads 
/usr/bin/ld: cannot find -lpthreads
collect2: error: ld returned 1 exit status
gmake[1]: *** [cmTC_8db1d] Error 1
gmake[1]: Leaving directory `/home/ec2-user/dbms/Q7/cpp/ExampleProject/build/CMakeFiles/CMakeTmp'
gmake: *** [cmTC_8db1d/fast] Error 2



